16:27:43  [main] 	Initialisere Control Panel
16:27:43  [main] 	Windows Version: Windows 7 Professional SP1 64-bit
16:27:43  [main] 	XAMPP Version: 5.6.30
16:27:43  [main] 	Control Panel Version: 3.2.2  [ Compiled: Nov 12th 2015 ]
16:27:43  [main] 	Mit Administratorrechten gestartet - gut!
16:27:43  [main] 	XAMPP Installationsverzeichnis: "c:\users\ibm_admin\desktop\dh\4. semester\webengineering\gitcode\webeng17\xampp\"
16:27:43  [main] 	ACHTUNG: Der XAMPP Installationspfad enthält Leerzeichen. Dies könnte die Funktionalität von Programmen/Scripten beeinflussen
16:27:43  [main] 	Voraussetzungen werden geprüft
16:27:43  [main] 	Alle Voraussetzungen sind erfüllt
16:27:43  [main] 	Initialisiere Module
16:27:43  [Apache] 	XAMPP Apache ist bereits gestartet auf Port 80
16:27:43  [Apache] 	XAMPP Apache ist bereits gestartet auf Port 443
16:27:43  [mysql] 	Problem festgestellt!
16:27:43  [mysql] 	Port 3306 in Benutzung von ""C:\Program Files\MySQL\MySQL Server 5.7\bin\mysqld.exe" --defaults-file="C:\ProgramData\MySQL\MySQL Server 5.7\my.ini" MySQL57"!
16:27:43  [mysql] 	MySQL wird NICHT starten, wenn die konfigurierten Ports nicht frei sind!
16:27:43  [mysql] 	Die blockierende Anwendung muss deinstalliert/deaktiviert/rekonfiguriert werden oder
16:27:43  [mysql] 	MySQL und das Control Panel müssen auf einen anderen Port zu lauschen
16:27:43  [main] 	Starte Check-Timer
16:27:43  [main] 	Control Panel bereit
16:30:52  [Apache] 	stoppe Modul Apache (PID: 8480)
16:30:52  [Apache] 	stoppe Modul Apache (PID: 8224)
16:30:53  [Apache] 	Statusänderung erkannt: gestoppt
16:31:38  [Apache] 	Versuche Apache zu starten...
16:31:38  [Apache] 	Statusänderung erkannt: gestartet
18:03:55  [Apache] 	stoppe Modul Apache (PID: 9332)
18:03:55  [Apache] 	stoppe Modul Apache (PID: 9228)
18:03:55  [Apache] 	Statusänderung erkannt: gestoppt
18:03:58  [Apache] 	Versuche Apache zu starten...
18:03:59  [Apache] 	Statusänderung erkannt: gestartet
21:40:28  [mysql] 	Statusänderung erkannt: gestartet
21:40:32  [mysql] 	Statusänderung erkannt: gestoppt
21:40:32  [mysql] 	Fehler: MySQL wurde unerwartet beendet
21:40:32  [mysql] 	Ursache könnte ein geblockter Port, fehlende Abhängigkeiten,
21:40:32  [mysql] 	fehlende Berechtigungen, ein Absturz oder ein Abbruch einer anderen Methode sein.
21:40:32  [mysql] 	Drücke den Logs Button um error logs zu sehen und prüfe
21:40:32  [mysql] 	im Windows Event Viewer für weitere Hinweise
21:40:32  [mysql] 	Wenn du weitere Hilfe benötigst, kopiere den kompletten Inhalt des Log Fensters
21:40:32  [mysql] 	und füge ihn als Ergänzung in einem neuen Forum Eintrag hinzu.
21:40:42  [main] 	Deinitialisiere Module
21:40:42  [main] 	Deinitialisiere Control Panel

21:40:37  [main] 	Initialisere Control Panel
21:40:37  [main] 	Windows Version: Windows 7 Professional SP1 64-bit
21:40:37  [main] 	XAMPP Version: 5.6.30
21:40:37  [main] 	Control Panel Version: 3.2.2  [ Compiled: Nov 12th 2015 ]
21:40:37  [main] 	Mit Administratorrechten gestartet - gut!
21:40:37  [main] 	XAMPP Installationsverzeichnis: "c:\users\ibm_admin\desktop\dh\4. semester\webengineering\gitcode\webeng17\xampp\"
21:40:37  [main] 	ACHTUNG: Der XAMPP Installationspfad enthält Leerzeichen. Dies könnte die Funktionalität von Programmen/Scripten beeinflussen
21:40:37  [main] 	Voraussetzungen werden geprüft
21:40:40  [main] 	Alle Voraussetzungen sind erfüllt
21:40:40  [main] 	Initialisiere Module
21:40:40  [Apache] 	XAMPP Apache ist bereits gestartet auf Port 80
21:40:40  [Apache] 	XAMPP Apache ist bereits gestartet auf Port 443
21:40:40  [mysql] 	Problem festgestellt!
21:40:40  [mysql] 	Port 3306 in Benutzung von ""C:\Program Files\MySQL\MySQL Server 5.7\bin\mysqld.exe" --defaults-file="C:\ProgramData\MySQL\MySQL Server 5.7\my.ini" MySQL57"!
21:40:40  [mysql] 	MySQL wird NICHT starten, wenn die konfigurierten Ports nicht frei sind!
21:40:40  [mysql] 	Die blockierende Anwendung muss deinstalliert/deaktiviert/rekonfiguriert werden oder
21:40:40  [mysql] 	MySQL und das Control Panel müssen auf einen anderen Port zu lauschen
21:40:40  [main] 	Starte Check-Timer
21:40:40  [main] 	Control Panel bereit
21:40:43  [main] 	Deinitialisiere Module
21:40:43  [main] 	Deinitialisiere Control Panel

